[debug] [2022-09-24T00:56:42.868Z] ----------------------------------------------------------------------
[debug] [2022-09-24T00:56:42.872Z] Command:       C:\Program Files\nodejs\node.exe C:\Users\João Carlos\AppData\Roaming\npm\node_modules\firebase-tools\lib\bin\firebase.js login
[debug] [2022-09-24T00:56:42.873Z] CLI Version:   11.10.0
[debug] [2022-09-24T00:56:42.873Z] Platform:      win32
[debug] [2022-09-24T00:56:42.874Z] Node Version:  v16.17.0
[debug] [2022-09-24T00:56:42.875Z] Time:          Fri Sep 23 2022 21:56:42 GMT-0300 (Horário Padrão de Brasília)
[debug] [2022-09-24T00:56:42.876Z] ----------------------------------------------------------------------
[debug] 
[info] i  Firebase optionally collects CLI and Emulator Suite usage and error reporting information to help improve our products. Data is collected in accordance with Google's privacy policy (https://policies.google.com/privacy) and is not used to identify you.
 
[info] i  To change your data collection preference at any time, run `firebase logout` and log in again. 
[info] 
[info] Visit this URL on this device to log in:
[info] https://accounts.google.com/o/oauth2/auth?client_id=563584335869-fgrhgmd47bqnekij5i8b5pr03ho849e6.apps.googleusercontent.com&scope=email%20openid%20https%3A%2F%2Fwww.googleapis.com%2Fauth%2Fcloudplatformprojects.readonly%20https%3A%2F%2Fwww.googleapis.com%2Fauth%2Ffirebase%20https%3A%2F%2Fwww.googleapis.com%2Fauth%2Fcloud-platform&response_type=code&state=465860540&redirect_uri=http%3A%2F%2Flocalhost%3A9005
[info] 
[info] Waiting for authentication...
[debug] [2022-09-24T00:56:45.102Z] Error: spawn cmd ENOENT
    at Process.ChildProcess._handle.onexit (node:internal/child_process:283:19)
    at onErrorNT (node:internal/child_process:478:16)
    at processTicksAndRejections (node:internal/process/task_queues:83:21)
[error] 
[error] Error: An unexpected error has occurred.
